<?xml version="1.0" encoding="UTF-8"?>
<testsuite xmlns:xsi="http://www.w3.org/2001/XMLSchema-instance" xsi:noNamespaceSchemaLocation="https://maven.apache.org/surefire/maven-surefire-plugin/xsd/surefire-test-report.xsd" name="Parcial1Tests" time="0.044" tests="8" errors="0" skipped="0" failures="0">
  <properties>
    <property name="java.specification.version" value="21"/>
    <property name="sun.cpu.isalist" value="amd64"/>
    <property name="sun.jnu.encoding" value="Cp1252"/>
    <property name="java.class.path" value="d:\Parcial\ParcialParadigmas\demo\target\test-classes;d:\Parcial\ParcialParadigmas\demo\target\classes;C:\Users\3er año\.m2\repository\junit\junit\4.11\junit-4.11.jar;C:\Users\3er año\.m2\repository\org\hamcrest\hamcrest-core\1.3\hamcrest-core-1.3.jar;"/>
    <property name="java.vm.vendor" value="Oracle Corporation"/>
    <property name="sun.arch.data.model" value="64"/>
    <property name="user.variant" value=""/>
    <property name="java.vendor.url" value="https://java.oracle.com/"/>
    <property name="user.timezone" value="America/Buenos_Aires"/>
    <property name="os.name" value="Windows 10"/>
    <property name="java.vm.specification.version" value="21"/>
    <property name="sun.java.launcher" value="SUN_STANDARD"/>
    <property name="user.country" value="AR"/>
    <property name="sun.boot.library.path" value="C:\Program Files\Java\jdk-21\bin"/>
    <property name="sun.java.command" value="C:\Users\3ERAO~1\AppData\Local\Temp\surefire3322197356749587824\surefirebooter14765376060476415587.jar C:\Users\3er año\AppData\Local\Temp\surefire3322197356749587824 2023-10-18T17-51-01_440-jvmRun1 surefire8319806379348725043tmp surefire_015090770157061739940tmp"/>
    <property name="jdk.debug" value="release"/>
    <property name="surefire.test.class.path" value="d:\Parcial\ParcialParadigmas\demo\target\test-classes;d:\Parcial\ParcialParadigmas\demo\target\classes;C:\Users\3er año\.m2\repository\junit\junit\4.11\junit-4.11.jar;C:\Users\3er año\.m2\repository\org\hamcrest\hamcrest-core\1.3\hamcrest-core-1.3.jar;"/>
    <property name="sun.cpu.endian" value="little"/>
    <property name="user.home" value="C:\Users\3er año"/>
    <property name="user.language" value="es"/>
    <property name="java.specification.vendor" value="Oracle Corporation"/>
    <property name="java.version.date" value="2023-10-17"/>
    <property name="java.home" value="C:\Program Files\Java\jdk-21"/>
    <property name="file.separator" value="\"/>
    <property name="basedir" value="d:\Parcial\ParcialParadigmas\demo"/>
    <property name="java.vm.compressedOopsMode" value="Zero based"/>
    <property name="line.separator" value="&#10;"/>
    <property name="java.vm.specification.vendor" value="Oracle Corporation"/>
    <property name="java.specification.name" value="Java Platform API Specification"/>
    <property name="surefire.real.class.path" value="C:\Users\3ERAO~1\AppData\Local\Temp\surefire3322197356749587824\surefirebooter14765376060476415587.jar"/>
    <property name="user.script" value=""/>
    <property name="sun.management.compiler" value="HotSpot 64-Bit Tiered Compilers"/>
    <property name="java.runtime.version" value="21.0.1+12-LTS-29"/>
    <property name="user.name" value="3er año"/>
    <property name="stdout.encoding" value="Cp1252"/>
    <property name="path.separator" value=";"/>
    <property name="os.version" value="10.0"/>
    <property name="java.runtime.name" value="Java(TM) SE Runtime Environment"/>
    <property name="file.encoding" value="UTF-8"/>
    <property name="java.vm.name" value="Java HotSpot(TM) 64-Bit Server VM"/>
    <property name="localRepository" value="C:\Users\3er año\.m2\repository"/>
    <property name="java.vendor.url.bug" value="https://bugreport.java.com/bugreport/"/>
    <property name="java.io.tmpdir" value="C:\Users\3ERAO~1\AppData\Local\Temp\"/>
    <property name="java.version" value="21.0.1"/>
    <property name="user.dir" value="d:\Parcial\ParcialParadigmas\demo"/>
    <property name="os.arch" value="amd64"/>
    <property name="java.vm.specification.name" value="Java Virtual Machine Specification"/>
    <property name="sun.os.patch.level" value=""/>
    <property name="native.encoding" value="Cp1252"/>
    <property name="java.library.path" value="C:\Program Files\Java\jdk-21\bin;C:\Windows\Sun\Java\bin;C:\Windows\system32;C:\Windows;C:\Program Files\Common Files\Oracle\Java\javapath;C:\Program Files (x86)\Common Files\Oracle\Java\javapath;C:\Program Files\Eclipse Adoptium\jdk-17.0.8.7-hotspot\bin;C:\Users\UCP-PC\AppData\Local\Programs\Python\Python311\Scripts\;C:\Users\UCP-PC\AppData\Local\Programs\Python\Python311\;C:\Windows\system32;C:\Windows;C:\Windows\System32\Wbem;C:\Windows\System32\WindowsPowerShell\v1.0\;C:\Windows\System32\OpenSSH\;C:\Program Files\nodejs\;C:\ProgramData\chocolatey\bin;C:\Program Files\Git\cmd;C:\Program Files\apache-maven-3.9.4\bin;C:\Users\3er año\AppData\Local\Programs\Python\Python311\Scripts\;C:\Users\3er año\AppData\Local\Programs\Python\Python311\;C:\Users\3er año\AppData\Local\Microsoft\WindowsApps;C:\Users\3er año\AppData\Local\Programs\Microsoft VS Code\bin;D:\Git\cmd;."/>
    <property name="java.vm.info" value="mixed mode, sharing"/>
    <property name="stderr.encoding" value="Cp1252"/>
    <property name="java.vendor" value="Oracle Corporation"/>
    <property name="java.vm.version" value="21.0.1+12-LTS-29"/>
    <property name="sun.io.unicode.encoding" value="UnicodeLittle"/>
    <property name="java.class.version" value="65.0"/>
  </properties>
  <testcase name="estadio_se_debe_crear_en_una_ubicacion_parcial_ejercicio_ejemplo_05" classname="Parcial1Tests" time="0.009"/>
  <testcase name="el_var_obtiene_solo_tarjetas_amarillas_del_partido_parcial_ejercicio_ejemplo_07" classname="Parcial1Tests" time="0.004"/>
  <testcase name="torneo_sacar_tarjeta_roja_a_un_jugador_en_un_partido_parcial_ejercicio_ejemplo_04" classname="Parcial1Tests" time="0"/>
  <testcase name="torneo_agregar_partidos_parcial_ejercicio_ejemplo_02" classname="Parcial1Tests" time="0.002"/>
  <testcase name="torneo_agregar_equipos_parcial_ejercicio_ejemplo_01" classname="Parcial1Tests" time="0"/>
  <testcase name="un_partido_debe_disputarse_en_un_estadio_en_una_fecha_parcial_ejercicio_ejemplo_06" classname="Parcial1Tests" time="0"/>
  <testcase name="tarjeta_roja_y_amarilla_parcial_ejercicio_ejemplo_07" classname="Parcial1Tests" time="0"/>
  <testcase name="equipo_plantel_parcial_ejercicio_ejemplo_09" classname="Parcial1Tests" time="0.001"/>
</testsuite>